<?xml version="1.0" encoding="UTF-8"?>
<!-- Generated by org.testng.reporters.JUnitXMLReporter -->
<testsuite hostname="Acer" tests="4" failures="0" timestamp="3 Jun 2015 22:24:30 GMT" time="0.063" errors="0">
  <testcase name="checkPalindrome" time="0.015" classname="StringReverseTest"/>
  <testcase name="checkSpecialCharacters" time="0.0" classname="StringReverseTest"/>
  <testcase name="testStringRev" time="0.0" classname="StringReverseTest"/>
  <testcase name="testStringRev" time="0.0" classname="StringReverseTest"/>
</testsuite>
