<?xml version="1.0" encoding="UTF-8"?>
<testng-results skipped="0" failed="0" total="1" passed="1">
  <reporter-output>
  </reporter-output>
  <suite name="Default suite" duration-ms="6227" started-at="2015-06-21T23:15:54Z" finished-at="2015-06-21T23:16:00Z">
    <groups>
    </groups>
    <test name="Default test" duration-ms="6227" started-at="2015-06-21T23:15:54Z" finished-at="2015-06-21T23:16:00Z">
      <class name="AlertDemo">
        <test-method status="PASS" signature="SetUp()[pri:0, instance:AlertDemo@5a01ccaa]" name="SetUp" is-config="true" duration-ms="5539" started-at="2015-06-21T16:15:54Z" finished-at="2015-06-21T16:15:59Z">
          <reporter-output>
          </reporter-output>
        </test-method> <!-- SetUp -->
        <test-method status="PASS" signature="TestWebAlert()[pri:0, instance:AlertDemo@5a01ccaa]" name="TestWebAlert" duration-ms="626" started-at="2015-06-21T16:15:59Z" finished-at="2015-06-21T16:16:00Z">
          <reporter-output>
          </reporter-output>
        </test-method> <!-- TestWebAlert -->
        <test-method status="PASS" signature="TearDown()[pri:0, instance:AlertDemo@5a01ccaa]" name="TearDown" is-config="true" duration-ms="62" started-at="2015-06-21T16:16:00Z" finished-at="2015-06-21T16:16:00Z">
          <reporter-output>
          </reporter-output>
        </test-method> <!-- TearDown -->
      </class> <!-- AlertDemo -->
    </test> <!-- Default test -->
  </suite> <!-- Default suite -->
</testng-results>
